# JRE version: OpenJDK Runtime Environment Temurin-17.0.12+7 (17.0.12+7) (build 17.0.12+7)
# Java VM: OpenJDK 64-Bit Server VM Temurin-17.0.12+7 (17.0.12+7, mixed mode, emulated-client, tiered, compressed oops, compressed class ptrs, g1 gc, windows-amd64)
GC Precious Log:
 CPUs: 8 total, 8 available
 Memory: 8043M
 Large Page Support: Disabled
 NUMA Support: Disabled
 Compressed Oops: Enabled (32-bit)
 Heap Region Size: 1M
 Heap Min Capacity: 8M
 Heap Initial Capacity: 126M
 Heap Max Capacity: 1G
 Pre-touch: Disabled
 Parallel Workers: 8
 Concurrent Workers: 2
 Concurrent Refinement Workers: 8
 Periodic GC: Disabled
Heap:
 garbage-first heap   total 109568K, used 32332K [0x00000000c0000000, 0x0000000100000000)
  region size 1024K, 1 young (1024K), 0 survivors (0K)
 Metaspace       used 61307K, committed 61824K, reserved 1114112K
  class space    used 7714K, committed 7936K, reserved 1048576K
GC Heap History (20 events):
Event: 64008.818 GC heap after
{Heap after GC invocations=1506 (full 1475):
 garbage-first heap   total 109568K, used 32332K [0x00000000c0000000, 0x0000000100000000)
  region size 1024K, 0 young (0K), 0 survivors (0K)
 Metaspace       used 61307K, committed 61824K, reserved 1114112K
  class space    used 7714K, committed 7936K, reserved 1048576K
}
Event: 64018.989 GC heap before
{Heap before GC invocations=1506 (full 1475):
 garbage-first heap   total 109568K, used 32332K [0x00000000c0000000, 0x0000000100000000)
  region size 1024K, 1 young (1024K), 0 survivors (0K)
 Metaspace       used 61307K, committed 61824K, reserved 1114112K
  class space    used 7714K, committed 7936K, reserved 1048576K
}
Event: 64019.023 GC heap after
{Heap after GC invocations=1507 (full 1476):
 garbage-first heap   total 109568K, used 32332K [0x00000000c0000000, 0x0000000100000000)
  region size 1024K, 0 young (0K), 0 survivors (0K)
 Metaspace       used 61307K, committed 61824K, reserved 1114112K
  class space    used 7714K, committed 7936K, reserved 1048576K
}
Event: 64029.223 GC heap before
{Heap before GC invocations=1507 (full 1476):
 garbage-first heap   total 109568K, used 32332K [0x00000000c0000000, 0x0000000100000000)
  region size 1024K, 1 young (1024K), 0 survivors (0K)
 Metaspace       used 61307K, committed 61824K, reserved 1114112K
  class space    used 7714K, committed 7936K, reserved 1048576K
}
Event: 64029.262 GC heap after
{Heap after GC invocations=1508 (full 1477):
 garbage-first heap   total 109568K, used 32332K [0x00000000c0000000, 0x0000000100000000)
  region size 1024K, 0 young (0K), 0 survivors (0K)
 Metaspace       used 61307K, committed 61824K, reserved 1114112K
  class space    used 7714K, committed 7936K, reserved 1048576K
}
Event: 64039.445 GC heap before
{Heap before GC invocations=1508 (full 1477):
 garbage-first heap   total 109568K, used 32332K [0x00000000c0000000, 0x0000000100000000)
  region size 1024K, 1 young (1024K), 0 survivors (0K)
 Metaspace       used 61307K, committed 61824K, reserved 1114112K
  class space    used 7714K, committed 7936K, reserved 1048576K
}
Event: 64039.484 GC heap after
{Heap after GC invocations=1509 (full 1478):
 garbage-first heap   total 109568K, used 32332K [0x00000000c0000000, 0x0000000100000000)
  region size 1024K, 0 young (0K), 0 survivors (0K)
 Metaspace       used 61307K, committed 61824K, reserved 1114112K
  class space    used 7714K, committed 7936K, reserved 1048576K
}
Event: 64049.658 GC heap before
{Heap before GC invocations=1509 (full 1478):
 garbage-first heap   total 109568K, used 32332K [0x00000000c0000000, 0x0000000100000000)
  region size 1024K, 1 young (1024K), 0 survivors (0K)
 Metaspace       used 61307K, committed 61824K, reserved 1114112K
  class space    used 7714K, committed 7936K, reserved 1048576K
}
Event: 64049.710 GC heap after
{Heap after GC invocations=1510 (full 1479):
 garbage-first heap   total 109568K, used 32332K [0x00000000c0000000, 0x0000000100000000)
  region size 1024K, 0 young (0K), 0 survivors (0K)
 Metaspace       used 61307K, committed 61824K, reserved 1114112K
  class space    used 7714K, committed 7936K, reserved 1048576K
}
Event: 64060.000 GC heap before
{Heap before GC invocations=1510 (full 1479):
 garbage-first heap   total 109568K, used 32332K [0x00000000c0000000, 0x0000000100000000)
  region size 1024K, 1 young (1024K), 0 survivors (0K)
 Metaspace       used 61307K, committed 61824K, reserved 1114112K
  class space    used 7714K, committed 7936K, reserved 1048576K
}
Event: 64060.057 GC heap after
{Heap after GC invocations=1511 (full 1480):
 garbage-first heap   total 109568K, used 32332K [0x00000000c0000000, 0x0000000100000000)
  region size 1024K, 0 young (0K), 0 survivors (0K)
 Metaspace       used 61307K, committed 61824K, reserved 1114112K
  class space    used 7714K, committed 7936K, reserved 1048576K
}
Event: 64070.380 GC heap before
{Heap before GC invocations=1511 (full 1480):
 garbage-first heap   total 109568K, used 32332K [0x00000000c0000000, 0x0000000100000000)
  region size 1024K, 1 young (1024K), 0 survivors (0K)
 Metaspace       used 61307K, committed 61824K, reserved 1114112K
  class space    used 7714K, committed 7936K, reserved 1048576K
}
Event: 64070.455 GC heap after
{Heap after GC invocations=1512 (full 1481):
 garbage-first heap   total 109568K, used 32332K [0x00000000c0000000, 0x0000000100000000)
  region size 1024K, 0 young (0K), 0 survivors (0K)
 Metaspace       used 61307K, committed 61824K, reserved 1114112K
  class space    used 7714K, committed 7936K, reserved 1048576K
}
Event: 64080.760 GC heap before
{Heap before GC invocations=1512 (full 1481):
 garbage-first heap   total 109568K, used 32332K [0x00000000c0000000, 0x0000000100000000)
  region size 1024K, 1 young (1024K), 0 survivors (0K)
 Metaspace       used 61307K, committed 61824K, reserved 1114112K
  class space    used 7714K, committed 7936K, reserved 1048576K
}
Event: 64080.832 GC heap after
{Heap after GC invocations=1513 (full 1482):
 garbage-first heap   total 109568K, used 32332K [0x00000000c0000000, 0x0000000100000000)
  region size 1024K, 0 young (0K), 0 survivors (0K)
 Metaspace       used 61307K, committed 61824K, reserved 1114112K
  class space    used 7714K, committed 7936K, reserved 1048576K
}
Event: 64091.237 GC heap before
{Heap before GC invocations=1513 (full 1482):
 garbage-first heap   total 109568K, used 32332K [0x00000000c0000000, 0x0000000100000000)
  region size 1024K, 1 young (1024K), 0 survivors (0K)
 Metaspace       used 61307K, committed 61824K, reserved 1114112K
  class space    used 7714K, committed 7936K, reserved 1048576K
}
Event: 64091.299 GC heap after
{Heap after GC invocations=1514 (full 1483):
 garbage-first heap   total 109568K, used 32332K [0x00000000c0000000, 0x0000000100000000)
  region size 1024K, 0 young (0K), 0 survivors (0K)
 Metaspace       used 61307K, committed 61824K, reserved 1114112K
  class space    used 7714K, committed 7936K, reserved 1048576K
}
Event: 64101.771 GC heap before
{Heap before GC invocations=1514 (full 1483):
 garbage-first heap   total 109568K, used 32332K [0x00000000c0000000, 0x0000000100000000)
  region size 1024K, 1 young (1024K), 0 survivors (0K)
 Metaspace       used 61307K, committed 61824K, reserved 1114112K
  class space    used 7714K, committed 7936K, reserved 1048576K
}
Event: 64101.835 GC heap after
{Heap after GC invocations=1515 (full 1484):
 garbage-first heap   total 109568K, used 32332K [0x00000000c0000000, 0x0000000100000000)
  region size 1024K, 0 young (0K), 0 survivors (0K)
 Metaspace       used 61307K, committed 61824K, reserved 1114112K
  class space    used 7714K, committed 7936K, reserved 1048576K
}
Event: 64112.142 GC heap before
{Heap before GC invocations=1515 (full 1484):
 garbage-first heap   total 109568K, used 32332K [0x00000000c0000000, 0x0000000100000000)
  region size 1024K, 1 young (1024K), 0 survivors (0K)
 Metaspace       used 61307K, committed 61824K, reserved 1114112K
  class space    used 7714K, committed 7936K, reserved 1048576K
}

